11 Apr 2016 15:30:53,858 INFO  Machine_Implementation: The loader has reach the end of 75's code
11 Apr 2016 15:33:26,531 INFO  Machine_Implementation: The loader has reach the end of 75's code
11 Apr 2016 15:42:44,870 INFO  Machine_Implementation: The loader has reach the end of 75's code
2016-04-11 17:14:17,590 INFO Machine_Implementation [main] The loader has reach the end of 75's code
2016-04-13 11:19:15,509 INFO Machine_Implementation [main] The loader has reach the end of 75's code
2016-04-13 18:07:13,140 ERROR Machine_Implementation [main] Error in absoluteLoader: Program cannot be found in working directory
2016-04-13 18:07:13,142 ERROR Machine_Implementation [main] Error: File not opened
2016-04-13 18:09:07,423 INFO Machine_Implementation [main] The loader has reach the end of p75's code
2016-04-13 18:09:07,549 ERROR Machine_Implementation [main] Error in absoluteLoader: Program cannot be found in working directory
2016-04-13 18:09:07,552 ERROR Machine_Implementation [main] Error: File not opened
2016-04-13 18:10:32,737 INFO Machine_Implementation [main] The loader has reach the end of p75's code
2016-04-13 18:10:32,737 ERROR Machine_Implementation [main] Error in absoluteLoader: Program cannot be found in working directory
2016-04-13 18:10:32,737 ERROR Machine_Implementation [main] Error: File not opened
2016-04-13 18:10:49,711 INFO Machine_Implementation [main] The loader has reach the end of p75's code
2016-04-13 18:10:49,711 ERROR Machine_Implementation [main] Error in absoluteLoader: Program cannot be found in working directory
2016-04-13 18:10:49,711 ERROR Machine_Implementation [main] Error: File not opened
2016-04-13 18:22:01,371 INFO Machine_Implementation [main] The loader has reach the end of p75's code
2016-04-13 18:22:01,374 ERROR Machine_Implementation [main] Error in absoluteLoader: Program cannot be found in working directory
2016-04-13 18:27:53,570 INFO Machine_Implementation [main] The loader has reach the end of p75's code
2016-04-13 18:27:53,570 ERROR Machine_Implementation [main] Error in absoluteLoader: Program cannot be found in working directory
2016-04-13 18:28:05,428 INFO Machine_Implementation [main] The loader has reach the end of p75's code
2016-04-13 18:28:05,428 ERROR Machine_Implementation [main] Error in absoluteLoader: Program cannot be found in working directory
2016-04-13 18:34:31,000 INFO Machine_Implementation [main] The loader has reach the end of p75's code
2016-04-13 18:34:31,016 ERROR Machine_Implementation [main] Error in absoluteLoader: Program cannot be found in working directory
